build/app/intermediates/manifest_merge_blame_file/devDebug/manifest-merger-blame-dev-debug-report.txt
1<?xml version="1.0" encoding="utf-8"?>
2<manifest xmlns:android="http://schemas.android.com/apk/res/android"
3    package="com.mokkon.sme.dev"
4    android:versionCode="11"
5    android:versionName="1.0.0" >
6
7    <uses-sdk
8        android:minSdkVersion="21"
9        android:targetSdkVersion="31" />
10    <!--
11         Flutter needs it to communicate with the running application
12         to allow setting breakpoints, to provide hot reload, etc.
13    -->
14    <uses-permission android:name="android.permission.INTERNET" />
14-->src/main/AndroidManifest.xml:2:5-67
14-->src/main/AndroidManifest.xml:2:22-64
15    <uses-permission android:name="android.permission.ACCESS_FINE_LOCATION" />
15-->src/main/AndroidManifest.xml:3:5-79
15-->src/main/AndroidManifest.xml:3:22-76
16    <uses-permission android:name="android.permission.CAMERA" />
16-->src/main/AndroidManifest.xml:4:5-65
16-->src/main/AndroidManifest.xml:4:22-62
17    <uses-permission android:name="android.permission.RECEIVE_BOOT_COMPLETED" />
17-->[:flutter_local_notifications] AndroidManifest.xml:7:5-81
17-->[:flutter_local_notifications] AndroidManifest.xml:7:22-78
18    <uses-permission android:name="android.permission.VIBRATE" />
18-->[:flutter_local_notifications] AndroidManifest.xml:8:5-66
18-->[:flutter_local_notifications] AndroidManifest.xml:8:22-63
19    <uses-permission android:name="android.permission.USE_FULL_SCREEN_INTENT" />
19-->[:flutter_local_notifications] AndroidManifest.xml:9:5-81
19-->[:flutter_local_notifications] AndroidManifest.xml:9:22-78
20    <uses-permission android:name="android.permission.SCHEDULE_EXACT_ALARM" />
20-->[:flutter_local_notifications] AndroidManifest.xml:10:5-79
20-->[:flutter_local_notifications] AndroidManifest.xml:10:22-76
21    <uses-permission android:name="android.permission.WAKE_LOCK" />
21-->[:firebase_messaging] AndroidManifest.xml:8:5-68
21-->[:firebase_messaging] AndroidManifest.xml:8:22-65
22    <uses-permission android:name="android.permission.ACCESS_NETWORK_STATE" />
22-->[:firebase_messaging] AndroidManifest.xml:9:5-79
22-->[:firebase_messaging] AndroidManifest.xml:9:22-76
23    <uses-permission android:name="android.permission.REQUEST_INSTALL_PACKAGES" />
23-->[:open_file] AndroidManifest.xml:8:5-83
23-->[:open_file] AndroidManifest.xml:8:22-80
24    <uses-permission android:name="android.permission.READ_EXTERNAL_STORAGE" /> <!-- Required by older versions of Google Play services to create IID tokens -->
24-->[:open_file] AndroidManifest.xml:9:5-80
24-->[:open_file] AndroidManifest.xml:9:22-77
25    <uses-permission android:name="com.google.android.c2dm.permission.RECEIVE" />
25-->[com.google.firebase:firebase-messaging:23.0.0] AndroidManifest.xml:25:5-82
25-->[com.google.firebase:firebase-messaging:23.0.0] AndroidManifest.xml:25:22-79
26
27    <uses-feature
27-->[com.google.android.gms:play-services-maps:17.0.0] AndroidManifest.xml:26:5-28:35
28        android:glEsVersion="0x00020000"
28-->[com.google.android.gms:play-services-maps:17.0.0] AndroidManifest.xml:27:9-41
29        android:required="true" />
29-->[com.google.android.gms:play-services-maps:17.0.0] AndroidManifest.xml:28:9-32
30    <!--
31 io.flutter.app.FlutterApplication is an android.app.Application that
32         calls FlutterMain.startInitialization(this); in its onCreate method.
33         In most cases you can leave this as-is, but you if you want to provide
34         additional functionality it is fine to subclass or reimplement
35         FlutterApplication and put your custom class here.
36    -->
37    <application
37-->src/main/AndroidManifest.xml:6:5-26:19
38        android:appComponentFactory="androidx.core.app.CoreComponentFactory"
38-->[androidx.core:core:1.6.0] AndroidManifest.xml:24:18-86
39        android:debuggable="true"
40        android:icon="@mipmap/ic_launcher"
40-->src/main/AndroidManifest.xml:6:18-52
41        android:label="@string/app_name" >
42        <activity
42-->src/main/AndroidManifest.xml:7:9-17:20
43            android:name="com.mokkon.sme.sme.MainActivity"
43-->src/main/AndroidManifest.xml:7:19-47
44            android:configChanges="orientation|keyboardHidden|keyboard|screenSize|smallestScreenSize|locale|layoutDirection|fontScale|screenLayout|density|uiMode"
44-->src/main/AndroidManifest.xml:7:114-264
45            android:hardwareAccelerated="true"
45-->src/main/AndroidManifest.xml:7:265-299
46            android:launchMode="singleTop"
46-->src/main/AndroidManifest.xml:7:48-78
47            android:theme="@style/LaunchTheme"
47-->src/main/AndroidManifest.xml:7:79-113
48            android:windowSoftInputMode="adjustResize" >
48-->src/main/AndroidManifest.xml:7:300-342
49
50            <!--
51                 Specifies an Android theme to apply to this Activity as soon as
52                 the Android process has started. This theme is visible to the user
53                 while the Flutter UI initializes. After that, this theme continues
54                 to determine the Window background behind the Flutter UI.
55            -->
56            <meta-data
56-->src/main/AndroidManifest.xml:12:13-120
57                android:name="io.flutter.embedding.android.NormalTheme"
57-->src/main/AndroidManifest.xml:12:24-79
58                android:resource="@style/NormalTheme" />
58-->src/main/AndroidManifest.xml:12:80-117
59
60            <intent-filter>
60-->src/main/AndroidManifest.xml:13:13-16:29
61                <action android:name="android.intent.action.MAIN" />
61-->src/main/AndroidManifest.xml:14:17-69
61-->src/main/AndroidManifest.xml:14:25-66
62
63                <category android:name="android.intent.category.LAUNCHER" />
63-->src/main/AndroidManifest.xml:15:17-77
63-->src/main/AndroidManifest.xml:15:27-74
64            </intent-filter>
65        </activity>
66        <!--
67         Don't delete the meta-data below.
68             This is used by the Flutter tool to generate GeneratedPluginRegistrant.java
69        -->
70        <meta-data
70-->src/main/AndroidManifest.xml:20:9-72
71            android:name="flutterEmbedding"
71-->src/main/AndroidManifest.xml:20:20-51
72            android:value="2" />
72-->src/main/AndroidManifest.xml:20:52-69
73        <meta-data
73-->src/main/AndroidManifest.xml:21:9-124
74            android:name="com.google.android.geo.API_KEY"
74-->src/main/AndroidManifest.xml:21:20-65
75            android:value="AIzaSyBKZQzadSkZ44o7Te5mjMuhAqQnPraw5wk" />
75-->src/main/AndroidManifest.xml:21:66-121
76        <meta-data
76-->src/main/AndroidManifest.xml:22:9-139
77            android:name="com.google.firebase.messaging.default_notification_channel_id"
77-->src/main/AndroidManifest.xml:22:20-96
78            android:value="high_importance_channel" />
78-->src/main/AndroidManifest.xml:22:97-136
79        <meta-data
79-->src/main/AndroidManifest.xml:24:9-131
80            android:name="com.google.firebase.messaging.default_notification_icon"
80-->src/main/AndroidManifest.xml:24:20-90
81            android:resource="@drawable/app_icon" />
81-->src/main/AndroidManifest.xml:24:91-128
82        <meta-data
82-->src/main/AndroidManifest.xml:25:9-133
83            android:name="com.google.firebase.messaging.default_notification_color"
83-->src/main/AndroidManifest.xml:25:20-91
84            android:resource="@color/colorPrimary" />
84-->src/main/AndroidManifest.xml:25:92-130
85
86        <activity
86-->[:url_launcher_android] AndroidManifest.xml:8:9-11:74
87            android:name="io.flutter.plugins.urllauncher.WebViewActivity"
87-->[:url_launcher_android] AndroidManifest.xml:9:13-74
88            android:exported="false"
88-->[:url_launcher_android] AndroidManifest.xml:10:13-37
89            android:theme="@android:style/Theme.NoTitleBar.Fullscreen" />
89-->[:url_launcher_android] AndroidManifest.xml:11:13-71
90
91        <provider
91-->[:image_picker] AndroidManifest.xml:8:9-16:20
92            android:name="io.flutter.plugins.imagepicker.ImagePickerFileProvider"
92-->[:image_picker] AndroidManifest.xml:9:13-82
93            android:authorities="com.mokkon.sme.dev.flutter.image_provider"
93-->[:image_picker] AndroidManifest.xml:10:13-74
94            android:exported="false"
94-->[:image_picker] AndroidManifest.xml:11:13-37
95            android:grantUriPermissions="true" >
95-->[:image_picker] AndroidManifest.xml:12:13-47
96            <meta-data
96-->[:image_picker] AndroidManifest.xml:13:13-15:75
97                android:name="android.support.FILE_PROVIDER_PATHS"
97-->[:image_picker] AndroidManifest.xml:14:17-67
98                android:resource="@xml/flutter_image_picker_file_paths" />
98-->[:image_picker] AndroidManifest.xml:15:17-72
99        </provider>
100
101        <service
101-->[:cloud_firestore] AndroidManifest.xml:8:9-12:19
102            android:name="com.google.firebase.components.ComponentDiscoveryService"
102-->[:cloud_firestore] AndroidManifest.xml:8:18-89
103            android:directBootAware="true"
103-->[com.google.firebase:firebase-common:20.0.0] AndroidManifest.xml:35:13-43
104            android:exported="false" >
104-->[com.google.firebase:firebase-auth:21.0.1] AndroidManifest.xml:76:13-37
105            <meta-data
105-->[:cloud_firestore] AndroidManifest.xml:9:13-11:85
106                android:name="com.google.firebase.components:io.flutter.plugins.firebase.firestore.FlutterFirebaseFirestoreRegistrar"
106-->[:cloud_firestore] AndroidManifest.xml:10:17-134
107                android:value="com.google.firebase.components.ComponentRegistrar" />
107-->[:cloud_firestore] AndroidManifest.xml:11:17-82
108            <meta-data
108-->[:firebase_auth] AndroidManifest.xml:9:13-11:85
109                android:name="com.google.firebase.components:io.flutter.plugins.firebase.auth.FlutterFirebaseAuthRegistrar"
109-->[:firebase_auth] AndroidManifest.xml:10:17-124
110                android:value="com.google.firebase.components.ComponentRegistrar" />
110-->[:firebase_auth] AndroidManifest.xml:11:17-82
111            <meta-data
111-->[:firebase_storage] AndroidManifest.xml:9:13-11:85
112                android:name="com.google.firebase.components:io.flutter.plugins.firebase.storage.FlutterFirebaseAppRegistrar"
112-->[:firebase_storage] AndroidManifest.xml:10:17-126
113                android:value="com.google.firebase.components.ComponentRegistrar" />
113-->[:firebase_storage] AndroidManifest.xml:11:17-82
114            <meta-data
114-->[:firebase_messaging] AndroidManifest.xml:34:13-36:85
115                android:name="com.google.firebase.components:io.flutter.plugins.firebase.messaging.FlutterFirebaseAppRegistrar"
115-->[:firebase_messaging] AndroidManifest.xml:35:17-128
116                android:value="com.google.firebase.components.ComponentRegistrar" />
116-->[:firebase_messaging] AndroidManifest.xml:36:17-82
117            <meta-data
117-->[:firebase_core] AndroidManifest.xml:9:13-11:85
118                android:name="com.google.firebase.components:io.flutter.plugins.firebase.core.FlutterFirebaseCoreRegistrar"
118-->[:firebase_core] AndroidManifest.xml:10:17-124
119                android:value="com.google.firebase.components.ComponentRegistrar" />
119-->[:firebase_core] AndroidManifest.xml:11:17-82
120            <meta-data
120-->[com.google.firebase:firebase-auth:21.0.1] AndroidManifest.xml:77:13-79:85
121                android:name="com.google.firebase.components:com.google.firebase.auth.FirebaseAuthRegistrar"
121-->[com.google.firebase:firebase-auth:21.0.1] AndroidManifest.xml:78:17-109
122                android:value="com.google.firebase.components.ComponentRegistrar" />
122-->[com.google.firebase:firebase-auth:21.0.1] AndroidManifest.xml:79:17-82
123            <meta-data
123-->[com.google.firebase:firebase-messaging:23.0.0] AndroidManifest.xml:52:13-54:85
124                android:name="com.google.firebase.components:com.google.firebase.messaging.FirebaseMessagingRegistrar"
124-->[com.google.firebase:firebase-messaging:23.0.0] AndroidManifest.xml:53:17-119
125                android:value="com.google.firebase.components.ComponentRegistrar" />
125-->[com.google.firebase:firebase-messaging:23.0.0] AndroidManifest.xml:54:17-82
126            <meta-data
126-->[com.google.firebase:firebase-firestore:24.0.1] AndroidManifest.xml:20:13-22:85
127                android:name="com.google.firebase.components:com.google.firebase.firestore.FirestoreRegistrar"
127-->[com.google.firebase:firebase-firestore:24.0.1] AndroidManifest.xml:21:17-111
128                android:value="com.google.firebase.components.ComponentRegistrar" />
128-->[com.google.firebase:firebase-firestore:24.0.1] AndroidManifest.xml:22:17-82
129            <meta-data
129-->[com.google.firebase:firebase-storage:20.0.0] AndroidManifest.xml:33:13-35:85
130                android:name="com.google.firebase.components:com.google.firebase.storage.StorageRegistrar"
130-->[com.google.firebase:firebase-storage:20.0.0] AndroidManifest.xml:34:17-107
131                android:value="com.google.firebase.components.ComponentRegistrar" />
131-->[com.google.firebase:firebase-storage:20.0.0] AndroidManifest.xml:35:17-82
132            <meta-data
132-->[com.google.firebase:firebase-datatransport:18.0.0] AndroidManifest.xml:28:13-30:85
133                android:name="com.google.firebase.components:com.google.firebase.datatransport.TransportRegistrar"
133-->[com.google.firebase:firebase-datatransport:18.0.0] AndroidManifest.xml:29:17-115
134                android:value="com.google.firebase.components.ComponentRegistrar" />
134-->[com.google.firebase:firebase-datatransport:18.0.0] AndroidManifest.xml:30:17-82
135            <meta-data
135-->[com.google.firebase:firebase-installations:17.0.0] AndroidManifest.xml:18:13-20:85
136                android:name="com.google.firebase.components:com.google.firebase.installations.FirebaseInstallationsRegistrar"
136-->[com.google.firebase:firebase-installations:17.0.0] AndroidManifest.xml:19:17-127
137                android:value="com.google.firebase.components.ComponentRegistrar" />
137-->[com.google.firebase:firebase-installations:17.0.0] AndroidManifest.xml:20:17-82
138        </service>
139
140        <receiver
140-->[:flutter_local_notifications] AndroidManifest.xml:13:9-15:40
141            android:name="com.dexterous.flutterlocalnotifications.ScheduledNotificationReceiver"
141-->[:flutter_local_notifications] AndroidManifest.xml:14:13-97
142            android:exported="false" />
142-->[:flutter_local_notifications] AndroidManifest.xml:15:13-37
143        <receiver
143-->[:flutter_local_notifications] AndroidManifest.xml:16:9-25:20
144            android:name="com.dexterous.flutterlocalnotifications.ScheduledNotificationBootReceiver"
144-->[:flutter_local_notifications] AndroidManifest.xml:17:13-101
145            android:exported="false" >
145-->[:flutter_local_notifications] AndroidManifest.xml:18:13-37
146            <intent-filter>
146-->[:flutter_local_notifications] AndroidManifest.xml:19:13-24:29
147                <action android:name="android.intent.action.BOOT_COMPLETED" />
147-->[:flutter_local_notifications] AndroidManifest.xml:20:17-79
147-->[:flutter_local_notifications] AndroidManifest.xml:20:25-76
148                <action android:name="android.intent.action.MY_PACKAGE_REPLACED" />
148-->[:flutter_local_notifications] AndroidManifest.xml:21:17-84
148-->[:flutter_local_notifications] AndroidManifest.xml:21:25-81
149                <action android:name="android.intent.action.QUICKBOOT_POWERON" />
149-->[:flutter_local_notifications] AndroidManifest.xml:22:17-82
149-->[:flutter_local_notifications] AndroidManifest.xml:22:25-79
150                <action android:name="com.htc.intent.action.QUICKBOOT_POWERON" />
150-->[:flutter_local_notifications] AndroidManifest.xml:23:17-82
150-->[:flutter_local_notifications] AndroidManifest.xml:23:25-79
151            </intent-filter>
152        </receiver>
153
154        <service
154-->[:firebase_messaging] AndroidManifest.xml:12:9-15:72
155            android:name="io.flutter.plugins.firebase.messaging.FlutterFirebaseMessagingBackgroundService"
155-->[:firebase_messaging] AndroidManifest.xml:13:13-107
156            android:exported="false"
156-->[:firebase_messaging] AndroidManifest.xml:14:13-37
157            android:permission="android.permission.BIND_JOB_SERVICE" />
157-->[:firebase_messaging] AndroidManifest.xml:15:13-69
158        <service
158-->[:firebase_messaging] AndroidManifest.xml:16:9-22:19
159            android:name="io.flutter.plugins.firebase.messaging.FlutterFirebaseMessagingService"
159-->[:firebase_messaging] AndroidManifest.xml:17:13-97
160            android:exported="false" >
160-->[:firebase_messaging] AndroidManifest.xml:18:13-37
161            <intent-filter>
161-->[:firebase_messaging] AndroidManifest.xml:19:13-21:29
162                <action android:name="com.google.firebase.MESSAGING_EVENT" />
162-->[:firebase_messaging] AndroidManifest.xml:20:17-78
162-->[:firebase_messaging] AndroidManifest.xml:20:25-75
163            </intent-filter>
164        </service>
165
166        <receiver
166-->[:firebase_messaging] AndroidManifest.xml:24:9-31:20
167            android:name="io.flutter.plugins.firebase.messaging.FlutterFirebaseMessagingReceiver"
167-->[:firebase_messaging] AndroidManifest.xml:25:13-98
168            android:exported="true"
168-->[:firebase_messaging] AndroidManifest.xml:26:13-36
169            android:permission="com.google.android.c2dm.permission.SEND" >
169-->[:firebase_messaging] AndroidManifest.xml:27:13-73
170            <intent-filter>
170-->[:firebase_messaging] AndroidManifest.xml:28:13-30:29
171                <action android:name="com.google.android.c2dm.intent.RECEIVE" />
171-->[:firebase_messaging] AndroidManifest.xml:29:17-81
171-->[:firebase_messaging] AndroidManifest.xml:29:25-78
172            </intent-filter>
173        </receiver>
174
175        <provider
175-->[:firebase_messaging] AndroidManifest.xml:39:9-43:38
176            android:name="io.flutter.plugins.firebase.messaging.FlutterFirebaseMessagingInitProvider"
176-->[:firebase_messaging] AndroidManifest.xml:40:13-102
177            android:authorities="com.mokkon.sme.dev.flutterfirebasemessaginginitprovider"
177-->[:firebase_messaging] AndroidManifest.xml:41:13-88
178            android:exported="false"
178-->[:firebase_messaging] AndroidManifest.xml:42:13-37
179            android:initOrder="99" />
179-->[:firebase_messaging] AndroidManifest.xml:43:13-35
180        <provider
180-->[:open_file] AndroidManifest.xml:12:9-21:20
181            android:name="com.crazecoder.openfile.FileProvider"
181-->[:open_file] AndroidManifest.xml:13:13-64
182            android:authorities="com.mokkon.sme.dev.fileProvider.com.crazecoder.openfile"
182-->[:open_file] AndroidManifest.xml:14:13-88
183            android:exported="false"
183-->[:open_file] AndroidManifest.xml:15:13-37
184            android:grantUriPermissions="true" >
184-->[:open_file] AndroidManifest.xml:16:13-47
185            <meta-data
185-->[:image_picker] AndroidManifest.xml:13:13-15:75
186                android:name="android.support.FILE_PROVIDER_PATHS"
186-->[:image_picker] AndroidManifest.xml:14:17-67
187                android:resource="@xml/filepaths" />
187-->[:image_picker] AndroidManifest.xml:15:17-72
188        </provider>
189
190        <activity
190-->[com.google.firebase:firebase-auth:21.0.1] AndroidManifest.xml:27:9-44:20
191            android:name="com.google.firebase.auth.internal.GenericIdpActivity"
191-->[com.google.firebase:firebase-auth:21.0.1] AndroidManifest.xml:28:13-80
192            android:excludeFromRecents="true"
192-->[com.google.firebase:firebase-auth:21.0.1] AndroidManifest.xml:29:13-46
193            android:exported="true"
193-->[com.google.firebase:firebase-auth:21.0.1] AndroidManifest.xml:30:13-36
194            android:launchMode="singleTask"
194-->[com.google.firebase:firebase-auth:21.0.1] AndroidManifest.xml:31:13-44
195            android:theme="@android:style/Theme.Translucent.NoTitleBar" >
195-->[com.google.firebase:firebase-auth:21.0.1] AndroidManifest.xml:32:13-72
196            <intent-filter>
196-->[com.google.firebase:firebase-auth:21.0.1] AndroidManifest.xml:33:13-43:29
197                <action android:name="android.intent.action.VIEW" />
197-->[com.google.firebase:firebase-auth:21.0.1] AndroidManifest.xml:34:17-69
197-->[com.google.firebase:firebase-auth:21.0.1] AndroidManifest.xml:34:25-66
198
199                <category android:name="android.intent.category.DEFAULT" />
199-->[com.google.firebase:firebase-auth:21.0.1] AndroidManifest.xml:36:17-76
199-->[com.google.firebase:firebase-auth:21.0.1] AndroidManifest.xml:36:27-73
200                <category android:name="android.intent.category.BROWSABLE" />
200-->[com.google.firebase:firebase-auth:21.0.1] AndroidManifest.xml:37:17-78
200-->[com.google.firebase:firebase-auth:21.0.1] AndroidManifest.xml:37:27-75
201
202                <data
202-->[com.google.firebase:firebase-auth:21.0.1] AndroidManifest.xml:39:17-42:51
203                    android:host="firebase.auth"
203-->[com.google.firebase:firebase-auth:21.0.1] AndroidManifest.xml:40:21-49
204                    android:path="/"
204-->[com.google.firebase:firebase-auth:21.0.1] AndroidManifest.xml:41:21-37
205                    android:scheme="genericidp" />
205-->[com.google.firebase:firebase-auth:21.0.1] AndroidManifest.xml:42:21-48
206            </intent-filter>
207        </activity>
208        <activity
208-->[com.google.firebase:firebase-auth:21.0.1] AndroidManifest.xml:45:9-62:20
209            android:name="com.google.firebase.auth.internal.RecaptchaActivity"
209-->[com.google.firebase:firebase-auth:21.0.1] AndroidManifest.xml:46:13-79
210            android:excludeFromRecents="true"
210-->[com.google.firebase:firebase-auth:21.0.1] AndroidManifest.xml:47:13-46
211            android:exported="true"
211-->[com.google.firebase:firebase-auth:21.0.1] AndroidManifest.xml:48:13-36
212            android:launchMode="singleTask"
212-->[com.google.firebase:firebase-auth:21.0.1] AndroidManifest.xml:49:13-44
213            android:theme="@android:style/Theme.Translucent.NoTitleBar" >
213-->[com.google.firebase:firebase-auth:21.0.1] AndroidManifest.xml:50:13-72
214            <intent-filter>
214-->[com.google.firebase:firebase-auth:21.0.1] AndroidManifest.xml:51:13-61:29
215                <action android:name="android.intent.action.VIEW" />
215-->[com.google.firebase:firebase-auth:21.0.1] AndroidManifest.xml:34:17-69
215-->[com.google.firebase:firebase-auth:21.0.1] AndroidManifest.xml:34:25-66
216
217                <category android:name="android.intent.category.DEFAULT" />
217-->[com.google.firebase:firebase-auth:21.0.1] AndroidManifest.xml:36:17-76
217-->[com.google.firebase:firebase-auth:21.0.1] AndroidManifest.xml:36:27-73
218                <category android:name="android.intent.category.BROWSABLE" />
218-->[com.google.firebase:firebase-auth:21.0.1] AndroidManifest.xml:37:17-78
218-->[com.google.firebase:firebase-auth:21.0.1] AndroidManifest.xml:37:27-75
219
220                <data
220-->[com.google.firebase:firebase-auth:21.0.1] AndroidManifest.xml:39:17-42:51
221                    android:host="firebase.auth"
221-->[com.google.firebase:firebase-auth:21.0.1] AndroidManifest.xml:40:21-49
222                    android:path="/"
222-->[com.google.firebase:firebase-auth:21.0.1] AndroidManifest.xml:41:21-37
223                    android:scheme="recaptcha" />
223-->[com.google.firebase:firebase-auth:21.0.1] AndroidManifest.xml:42:21-48
224            </intent-filter>
225        </activity>
226
227        <service
227-->[com.google.firebase:firebase-auth:21.0.1] AndroidManifest.xml:64:9-73:19
228            android:name="com.google.firebase.auth.api.fallback.service.FirebaseAuthFallbackService"
228-->[com.google.firebase:firebase-auth:21.0.1] AndroidManifest.xml:65:13-101
229            android:enabled="true"
229-->[com.google.firebase:firebase-auth:21.0.1] AndroidManifest.xml:66:13-35
230            android:exported="false" >
230-->[com.google.firebase:firebase-auth:21.0.1] AndroidManifest.xml:67:13-37
231            <intent-filter>
231-->[com.google.firebase:firebase-auth:21.0.1] AndroidManifest.xml:68:13-72:29
232                <action android:name="com.google.firebase.auth.api.gms.service.START" />
232-->[com.google.firebase:firebase-auth:21.0.1] AndroidManifest.xml:69:17-89
232-->[com.google.firebase:firebase-auth:21.0.1] AndroidManifest.xml:69:25-86
233
234                <category android:name="android.intent.category.DEFAULT" />
234-->[com.google.firebase:firebase-auth:21.0.1] AndroidManifest.xml:36:17-76
234-->[com.google.firebase:firebase-auth:21.0.1] AndroidManifest.xml:36:27-73
235            </intent-filter>
236        </service>
237
238        <receiver
238-->[com.google.firebase:firebase-messaging:23.0.0] AndroidManifest.xml:28:9-35:20
239            android:name="com.google.firebase.iid.FirebaseInstanceIdReceiver"
239-->[com.google.firebase:firebase-messaging:23.0.0] AndroidManifest.xml:29:13-78
240            android:exported="true"
240-->[com.google.firebase:firebase-messaging:23.0.0] AndroidManifest.xml:30:13-36
241            android:permission="com.google.android.c2dm.permission.SEND" >
241-->[com.google.firebase:firebase-messaging:23.0.0] AndroidManifest.xml:31:13-73
242            <intent-filter>
242-->[:firebase_messaging] AndroidManifest.xml:28:13-30:29
243                <action android:name="com.google.android.c2dm.intent.RECEIVE" />
243-->[:firebase_messaging] AndroidManifest.xml:29:17-81
243-->[:firebase_messaging] AndroidManifest.xml:29:25-78
244            </intent-filter>
245        </receiver>
246        <!--
247             FirebaseMessagingService performs security checks at runtime,
248             but set to not exported to explicitly avoid allowing another app to call it.
249        -->
250        <service
250-->[com.google.firebase:firebase-messaging:23.0.0] AndroidManifest.xml:41:9-48:19
251            android:name="com.google.firebase.messaging.FirebaseMessagingService"
251-->[com.google.firebase:firebase-messaging:23.0.0] AndroidManifest.xml:42:13-82
252            android:directBootAware="true"
252-->[com.google.firebase:firebase-messaging:23.0.0] AndroidManifest.xml:43:13-43
253            android:exported="false" >
253-->[com.google.firebase:firebase-messaging:23.0.0] AndroidManifest.xml:44:13-37
254            <intent-filter android:priority="-500" >
254-->[:firebase_messaging] AndroidManifest.xml:19:13-21:29
255                <action android:name="com.google.firebase.MESSAGING_EVENT" />
255-->[:firebase_messaging] AndroidManifest.xml:20:17-78
255-->[:firebase_messaging] AndroidManifest.xml:20:25-75
256            </intent-filter>
257        </service> <!-- Needs to be explicitly declared on P+ -->
258        <uses-library
258-->[com.google.android.gms:play-services-maps:17.0.0] AndroidManifest.xml:33:9-35:40
259            android:name="org.apache.http.legacy"
259-->[com.google.android.gms:play-services-maps:17.0.0] AndroidManifest.xml:34:13-50
260            android:required="false" />
260-->[com.google.android.gms:play-services-maps:17.0.0] AndroidManifest.xml:35:13-37
261
262        <activity
262-->[com.google.android.gms:play-services-base:17.1.0] AndroidManifest.xml:23:9-26:75
263            android:name="com.google.android.gms.common.api.GoogleApiActivity"
263-->[com.google.android.gms:play-services-base:17.1.0] AndroidManifest.xml:24:13-79
264            android:exported="false"
264-->[com.google.android.gms:play-services-base:17.1.0] AndroidManifest.xml:25:13-37
265            android:theme="@android:style/Theme.Translucent.NoTitleBar" />
265-->[com.google.android.gms:play-services-base:17.1.0] AndroidManifest.xml:26:13-72
266
267        <provider
267-->[com.google.firebase:firebase-common:20.0.0] AndroidManifest.xml:26:9-31:39
268            android:name="com.google.firebase.provider.FirebaseInitProvider"
268-->[com.google.firebase:firebase-common:20.0.0] AndroidManifest.xml:27:13-77
269            android:authorities="com.mokkon.sme.dev.firebaseinitprovider"
269-->[com.google.firebase:firebase-common:20.0.0] AndroidManifest.xml:28:13-72
270            android:directBootAware="true"
270-->[com.google.firebase:firebase-common:20.0.0] AndroidManifest.xml:29:13-43
271            android:exported="false"
271-->[com.google.firebase:firebase-common:20.0.0] AndroidManifest.xml:30:13-37
272            android:initOrder="100" />
272-->[com.google.firebase:firebase-common:20.0.0] AndroidManifest.xml:31:13-36
273
274        <meta-data
274-->[com.google.android.gms:play-services-basement:17.1.0] AndroidManifest.xml:23:9-25:69
275            android:name="com.google.android.gms.version"
275-->[com.google.android.gms:play-services-basement:17.1.0] AndroidManifest.xml:24:13-58
276            android:value="@integer/google_play_services_version" />
276-->[com.google.android.gms:play-services-basement:17.1.0] AndroidManifest.xml:25:13-66
277
278        <uses-library
278-->[androidx.window:window:1.0.0-beta04] AndroidManifest.xml:25:9-27:40
279            android:name="androidx.window.extensions"
279-->[androidx.window:window:1.0.0-beta04] AndroidManifest.xml:26:13-54
280            android:required="false" />
280-->[androidx.window:window:1.0.0-beta04] AndroidManifest.xml:27:13-37
281        <uses-library
281-->[androidx.window:window:1.0.0-beta04] AndroidManifest.xml:28:9-30:40
282            android:name="androidx.window.sidecar"
282-->[androidx.window:window:1.0.0-beta04] AndroidManifest.xml:29:13-51
283            android:required="false" />
283-->[androidx.window:window:1.0.0-beta04] AndroidManifest.xml:30:13-37
284
285        <service
285-->[com.google.android.datatransport:transport-backend-cct:3.0.0] AndroidManifest.xml:29:9-35:19
286            android:name="com.google.android.datatransport.runtime.backends.TransportBackendDiscovery"
286-->[com.google.android.datatransport:transport-backend-cct:3.0.0] AndroidManifest.xml:30:13-103